<?xml version="1.0" encoding="UTF-8"?>
<!-- Generated by org.testng.reporters.JUnitReportReporter -->
<testsuite hostname="HP" failures="0" tests="1" name="testscripts.SendContactDetailsTest" time="17.405" errors="0" timestamp="2023-05-29T11:29:47 IST" skipped="0">
  <testcase classname="testscripts.SendContactDetailsTest" name="sendContactDeailsTest" time="17.405"/>
  <system-out/>
</testsuite> <!-- testscripts.SendContactDetailsTest -->
