<?xml version="1.0" encoding="UTF-8"?>
<!-- Generated by org.testng.reporters.JUnitReportReporter -->
<testsuite hostname="HP" failures="0" tests="1" name="testscripts.AddToCartTest" time="16.613" errors="0" timestamp="2023-05-29T11:20:00 IST" skipped="0">
  <testcase classname="testscripts.AddToCartTest" name="addToCartTest" time="16.613"/>
  <system-out/>
</testsuite> <!-- testscripts.AddToCartTest -->
